<?xml version="1.0" encoding="UTF-8"?>
<testsuite name="com.lumiraDX.cucumber.CucumberRunner" time="0.985" tests="13" errors="0" skipped="0" failures="2">
  <properties>
[...]
</properties>
  <testcase name="When I create a new category &quot;Health&quot;" classname="Scenario: I should be able to create a new category successfully" time="0.001"/>
  <testcase name="And I extract the ID of the newly created category" classname="Scenario: I should be able to create a new category successfully" time="0"/>
  <testcase name="Then I verifies the new category has been created successfully by ID" classname="Scenario: I should be able to create a new category successfully" time="0"/>
  <testcase name="Scenario: I should be able to create a new category successfully" classname="Scenario: I should be able to create a new category successfully" time="0.91"/>
  <testcase name="When I read the newly created category by ID" classname="Scenario: I should be able to read the newly created category successfully" time="0"/>
  <testcase name="Then I verify the new category has been created successfully with correct name" classname="Scenario: I should be able to read the newly created category successfully" time="0.005">
    <failure message="&#10;Expected: &quot;Health&quot;&#10;     but: was &quot;ealth&quot;" type="java.lang.AssertionError">java.lang.AssertionError: 
Expected: "Health"
     but: was "ealth"
	at org.hamcrest.MatcherAssert.assertThat(MatcherAssert.java:20)
	at org.junit.Assert.assertThat(Assert.java:956)
	at org.junit.Assert.assertThat(Assert.java:923)
	at com.lumiraDX.cucumber.steps.CategoriesStepDefs.iVerifyTheNewCategoryHasBeenCreatedSuccessfullyWithCorrectName(CategoriesStepDefs.java:78)
	at ✽.Then I verify the new category has been created successfully with correct name(categories.feature:12)
</failure>
    <system-out><![CDATA[Expected name is : Health
Actual name is : ealth
]]></system-out>
  </testcase>
  <testcase name="Scenario: I should be able to read the newly created category successfully" classname="Scenario: I should be able to read the newly created category successfully" time="0.005">
    <failure message="&#10;Expected: &quot;Health&quot;&#10;     but: was &quot;ealth&quot;" type="java.lang.AssertionError">java.lang.AssertionError: 
Expected: "Health"
     but: was "ealth"
	at org.hamcrest.MatcherAssert.assertThat(MatcherAssert.java:20)
	at org.junit.Assert.assertThat(Assert.java:956)
	at org.junit.Assert.assertThat(Assert.java:923)
	at com.lumiraDX.cucumber.steps.CategoriesStepDefs.iVerifyTheNewCategoryHasBeenCreatedSuccessfullyWithCorrectName(CategoriesStepDefs.java:78)
	at ✽.Then I verify the new category has been created successfully with correct name(categories.feature:12)
</failure>
  </testcase>
  <testcase name="When I update the newly created category &quot;Updated_Health&quot;" classname="Scenario: I should be able to update the newly created category" time="0"/>
  <testcase name="Then I should verify that the update has been performed successfully" classname="Scenario: I should be able to update the newly created category" time="0"/>
  <testcase name="Scenario: I should be able to update the newly created category" classname="Scenario: I should be able to update the newly created category" time="0.034"/>
  <testcase name="When I delete the newly created category by ID" classname="Scenario: I should be able to delete the newly created ID successfully" time="0"/>
  <testcase name="Then I should verify that the deletion has been performed successfully" classname="Scenario: I should be able to delete the newly created ID successfully" time="0"/>
  <testcase name="Scenario: I should be able to delete the newly created ID successfully" classname="Scenario: I should be able to delete the newly created ID successfully" time="0.03"/>
</testsuite>